30-Mar-21 22:48:01 - root - INFO - register.py initiated
30-Mar-21 22:48:01 - root - INFO - Signin.py initiated
30-Mar-21 22:48:01 - root - INFO - register.py initiated
30-Mar-21 22:48:02 - root - INFO - register.py GUI created
30-Mar-21 22:54:05 - root - INFO - register.py initiated
30-Mar-21 22:54:05 - root - INFO - Signin.py initiated
30-Mar-21 22:54:05 - root - INFO - register.py initiated
30-Mar-21 22:54:05 - root - INFO - register.py GUI created
30-Mar-21 23:02:47 - root - INFO - nhome.py initiated
30-Mar-21 23:02:47 - root - INFO - nhome.py initiated
30-Mar-21 23:02:53 - root - INFO - nhome.py GUI created
30-Mar-21 23:23:22 - root - INFO - nhome.py initiated
30-Mar-21 23:23:22 - root - INFO - Signin.py initiated
30-Mar-21 23:23:22 - root - INFO - regd.py initiated
30-Mar-21 23:23:22 - root - INFO - register.py initiated
30-Mar-21 23:23:22 - root - INFO - regd.py initiated
30-Mar-21 23:24:44 - root - INFO - nhome.py initiated
30-Mar-21 23:24:44 - root - INFO - Signin.py initiated
30-Mar-21 23:24:44 - root - INFO - regd.py initiated
30-Mar-21 23:24:44 - root - INFO - register.py initiated
30-Mar-21 23:24:44 - root - INFO - regd.py initiated
30-Mar-21 23:25:37 - root - INFO - register.py initiated
30-Mar-21 23:25:37 - root - INFO - nhome.py initiated
30-Mar-21 23:25:37 - root - INFO - Signin.py initiated
30-Mar-21 23:25:37 - root - INFO - regd.py initiated
30-Mar-21 23:25:37 - root - INFO - register.py initiated
30-Mar-21 23:25:37 - root - INFO - register.py GUI created
30-Mar-21 23:26:39 - root - INFO - regd.py GUI created
30-Mar-21 23:26:51 - root - INFO - Signin.py GUI created
30-Mar-21 23:29:56 - root - INFO - nhome.py initiated
30-Mar-21 23:29:56 - root - INFO - Signin.py initiated
30-Mar-21 23:29:56 - root - INFO - regd.py initiated
30-Mar-21 23:29:56 - root - INFO - register.py initiated
30-Mar-21 23:29:56 - root - INFO - regd.py initiated
30-Mar-21 23:30:06 - root - INFO - register.py initiated
30-Mar-21 23:30:06 - root - INFO - nhome.py initiated
30-Mar-21 23:30:06 - root - INFO - Signin.py initiated
30-Mar-21 23:30:06 - root - INFO - regd.py initiated
30-Mar-21 23:30:06 - root - INFO - register.py initiated
30-Mar-21 23:30:06 - root - INFO - register.py GUI created
30-Mar-21 23:30:48 - root - INFO - regd.py GUI created
30-Mar-21 23:30:55 - root - INFO - mataji2@gmail.com is verified by OTP
30-Mar-21 23:30:59 - root - INFO - Signin.py GUI created
30-Mar-21 23:38:49 - root - INFO - nhome.py initiated
30-Mar-21 23:38:49 - root - INFO - nhome.py initiated
30-Mar-21 23:39:33 - root - INFO - nhome.py initiated
30-Mar-21 23:39:33 - root - INFO - nhome.py initiated
30-Mar-21 23:39:38 - root - INFO - ['Mataji', 'Dabang', 'Conjuring'] [5, 1, 5]
30-Mar-21 23:39:38 - root - INFO - nhome.py GUI created
30-Mar-21 23:40:16 - root - INFO - nhome.py initiated
30-Mar-21 23:40:16 - root - INFO - nhome.py initiated
30-Mar-21 23:40:21 - root - INFO - ['Mataji', 'Dabang', 'Conjuring'] [5, 1, 5]
30-Mar-21 23:40:21 - root - INFO - nhome.py GUI created
30-Mar-21 23:41:14 - root - INFO - nhome.py initiated
30-Mar-21 23:41:14 - root - INFO - nhome.py initiated
30-Mar-21 23:41:19 - root - INFO - ['Mataji', 'Dabang', 'Conjuring'] [5, 1, 5]
30-Mar-21 23:41:19 - root - INFO - nhome.py GUI created
30-Mar-21 23:43:25 - root - INFO - nhome.py initiated
30-Mar-21 23:43:25 - root - INFO - nhome.py initiated
30-Mar-21 23:43:30 - root - INFO - ['Mataji', 'Dabang', 'Conjuring'] [5, 1, 5]
30-Mar-21 23:43:31 - root - INFO - nhome.py GUI created
30-Mar-21 23:45:09 - root - INFO - nhome.py initiated
30-Mar-21 23:45:09 - root - INFO - nhome.py initiated
30-Mar-21 23:45:14 - root - INFO - ['Mataji', 'Dabang', 'Conjuring'] [5, 1, 5]
30-Mar-21 23:45:14 - root - INFO - {1: ['1.jpeg', 'Mataji', 'this movie is about....', 5, ' Shahrukh khan,kajol', 'U', 'thriller'], 2: ['2.jpeg', 'Dabang', 'this movie is about....', 1, ' Salman khan,sonakshi', 'A', 'Action'], 3: ['3.jpeg', 'Conjuring', 'Mata: Whole world', 5, 'Abc,XYZ,', 'U', 'Family'], 5: ['4.jpeg', 'Holi', 'Rango ka Tyohaardasd', 4, 'no oneasda', 'U/A', 'Horror'], 24: ['5.jpeg', 'Bahubali', 'beautiful tale of love and friendship that we will never get to see', 3, 'Apple, Bottom, Jeans', 'U/A', 'Comedy'], 27: ['6.jpeg', 'Holi', 'Rango ka Tyohaar', 4, 'no one', 'U/A', 'None'], 28: ['7.jpeg', 'Iron Man', 'Man of steel. he has to to fight for his life', 5, 'robert downey senior', 'U/A', 'Action'], 29: ['8.jpeg', 'IronMan 2', 'Iron man Has to fight his arch nemisis once again', 4, 'Robert Downey Jr., Bradd Pitt', 'A', 'Action'], 30: ['9.jpeg', 'Iron man 3', 'One last time he dawns the suit of armour that he created', 3, 'Robert Downey Jr.', 'U', 'Suspense'], 33: ['10.jpeg', 'Iron Movie', 'This is a random movie to populate the data base', 5, 'Elton', 'U/A', 'Horror'], 34: ['11.jpeg', 'Dabang 2', 'This movie is a cop story', 2, 'Salman khan, Sonakshi', 'U/A', 'Action'], 35: ['12.jpeg', 'Dia', 'Life is full of surprises and miracles', 5, 'Pruthvi,Kushi', 'U/A', 'Suspense'], 36: ['13.jpeg', 'OMK', 'Live the present', 5, 'Ashok,Rithika', 'A', 'Comedy']}
30-Mar-21 23:45:14 - root - INFO - nhome.py GUI created
30-Mar-21 23:45:16 - root - INFO - [5, 1, 5]
30-Mar-21 23:45:27 - root - INFO - ['Mataji', 'Dabang', 'Conjuring'] [5, 1, 5]
30-Mar-21 23:45:27 - root - INFO - {1: ['1.jpeg', 'Mataji', 'this movie is about....', 5, ' Shahrukh khan,kajol', 'U', 'thriller'], 2: ['2.jpeg', 'Dabang', 'this movie is about....', 1, ' Salman khan,sonakshi', 'A', 'Action'], 3: ['3.jpeg', 'Conjuring', 'Mata: Whole world', 5, 'Abc,XYZ,', 'U', 'Family'], 5: ['4.jpeg', 'Holi', 'Rango ka Tyohaardasd', 4, 'no oneasda', 'U/A', 'Horror'], 24: ['5.jpeg', 'Bahubali', 'beautiful tale of love and friendship that we will never get to see', 3, 'Apple, Bottom, Jeans', 'U/A', 'Comedy'], 27: ['6.jpeg', 'Holi', 'Rango ka Tyohaar', 4, 'no one', 'U/A', 'None'], 28: ['7.jpeg', 'Iron Man', 'Man of steel. he has to to fight for his life', 5, 'robert downey senior', 'U/A', 'Action'], 29: ['8.jpeg', 'IronMan 2', 'Iron man Has to fight his arch nemisis once again', 4, 'Robert Downey Jr., Bradd Pitt', 'A', 'Action'], 30: ['9.jpeg', 'Iron man 3', 'One last time he dawns the suit of armour that he created', 3, 'Robert Downey Jr.', 'U', 'Suspense'], 33: ['10.jpeg', 'Iron Movie', 'This is a random movie to populate the data base', 5, 'Elton', 'U/A', 'Horror'], 34: ['11.jpeg', 'Dabang 2', 'This movie is a cop story', 2, 'Salman khan, Sonakshi', 'U/A', 'Action'], 35: ['12.jpeg', 'Dia', 'Life is full of surprises and miracles', 5, 'Pruthvi,Kushi', 'U/A', 'Suspense'], 36: ['13.jpeg', 'OMK', 'Live the present', 5, 'Ashok,Rithika', 'A', 'Comedy']}
30-Mar-21 23:45:27 - root - INFO - nhome.py GUI created
30-Mar-21 23:46:32 - root - INFO - ['Mataji', 'Dabang', 'Conjuring'] [5, 1, 5]
30-Mar-21 23:46:32 - root - INFO - {1: ['1.jpeg', 'Mataji', 'this movie is about....', 5, ' Shahrukh khan,kajol', 'U', 'thriller'], 2: ['2.jpeg', 'Dabang', 'this movie is about....', 1, ' Salman khan,sonakshi', 'A', 'Action'], 3: ['3.jpeg', 'Conjuring', 'Mata: Whole world', 5, 'Abc,XYZ,', 'U', 'Family'], 5: ['4.jpeg', 'Holi', 'Rango ka Tyohaardasd', 4, 'no oneasda', 'U/A', 'Horror'], 24: ['5.jpeg', 'Bahubali', 'beautiful tale of love and friendship that we will never get to see', 3, 'Apple, Bottom, Jeans', 'U/A', 'Comedy'], 27: ['6.jpeg', 'Holi', 'Rango ka Tyohaar', 4, 'no one', 'U/A', 'None'], 28: ['7.jpeg', 'Iron Man', 'Man of steel. he has to to fight for his life', 5, 'robert downey senior', 'U/A', 'Action'], 29: ['8.jpeg', 'IronMan 2', 'Iron man Has to fight his arch nemisis once again', 4, 'Robert Downey Jr., Bradd Pitt', 'A', 'Action'], 30: ['9.jpeg', 'Iron man 3', 'One last time he dawns the suit of armour that he created', 3, 'Robert Downey Jr.', 'U', 'Suspense'], 33: ['10.jpeg', 'Iron Movie', 'This is a random movie to populate the data base', 5, 'Elton', 'U/A', 'Horror'], 34: ['11.jpeg', 'Dabang 2', 'This movie is a cop story', 2, 'Salman khan, Sonakshi', 'U/A', 'Action'], 35: ['12.jpeg', 'Dia', 'Life is full of surprises and miracles', 5, 'Pruthvi,Kushi', 'U/A', 'Suspense'], 36: ['13.jpeg', 'OMK', 'Live the present', 5, 'Ashok,Rithika', 'A', 'Comedy']}
30-Mar-21 23:46:32 - root - INFO - nhome.py GUI created
30-Mar-21 23:46:41 - root - INFO - ['2.jpeg', 'Dabang', 'this movie is about....', 1, ' Salman khan,sonakshi', 'A', 'Action']
30-Mar-21 23:46:45 - root - INFO - 8
30-Mar-21 23:46:45 - root - INFO - [[1, 'pvr', 'Mumbai', 'any loc....', 21, '4-7', 400]]
30-Mar-21 23:46:45 - root - INFO - [[1, 'pvr', 'Mumbai', 'any loc....', 21, '4-7', 400], [2, 'srs', 'delhi', 'somewhere in brooklyn', 22, '4-7', 400]]
30-Mar-21 23:46:45 - root - INFO - [[1, 'pvr', 'Mumbai', 'any loc....', 21, '4-7', 400], [2, 'srs', 'delhi', 'somewhere in brooklyn', 22, '4-7', 400]]
30-Mar-21 23:46:45 - root - INFO - [[1, 'pvr', 'Mumbai', 'any loc....', 21, '4-7', 400], [2, 'srs', 'delhi', 'somewhere in brooklyn', 22, '4-7', 400], [2, 'srs', 'delhi', 'somewhere in brooklyn', 23, '12-3', 500]]
30-Mar-21 23:46:45 - root - INFO - {'2021-03-26': [[2, 'srs', 'delhi', 'somewhere in brooklyn', 7, '12-3', 500]], '2021-03-27': [[1, 'pvr', 'Mumbai', 'any loc....', 6, '12-3', 500]], '2021-03-29': [[1, 'pvr', 'Mumbai', 'any loc....', 21, '4-7', 400], [2, 'srs', 'delhi', 'somewhere in brooklyn', 22, '4-7', 400], [2, 'srs', 'delhi', 'somewhere in brooklyn', 23, '12-3', 500]], '2021-03-30': [[1, 'pvr', 'Mumbai', 'any loc....', 42, '9-12', 350]], '2021-03-31': [[2, 'srs', 'delhi', 'somewhere in brooklyn', 47, '9-12', 300]], '2021-04-02': [[1, 'pvr', 'Mumbai', 'any loc....', 54, '9-12', 500]]}
30-Mar-21 23:48:03 - root - INFO - ['Mataji', 'Dabang', 'Conjuring'] [5, 1, 5]
30-Mar-21 23:48:03 - root - INFO - {1: ['1.jpeg', 'Mataji', 'this movie is about....', 5, ' Shahrukh khan,kajol', 'U', 'thriller'], 2: ['2.jpeg', 'Dabang', 'this movie is about....', 1, ' Salman khan,sonakshi', 'A', 'Action'], 3: ['3.jpeg', 'Conjuring', 'Mata: Whole world', 5, 'Abc,XYZ,', 'U', 'Family'], 5: ['4.jpeg', 'Holi', 'Rango ka Tyohaardasd', 4, 'no oneasda', 'U/A', 'Horror'], 24: ['5.jpeg', 'Bahubali', 'beautiful tale of love and friendship that we will never get to see', 3, 'Apple, Bottom, Jeans', 'U/A', 'Comedy'], 27: ['6.jpeg', 'Holi', 'Rango ka Tyohaar', 4, 'no one', 'U/A', 'None'], 28: ['7.jpeg', 'Iron Man', 'Man of steel. he has to to fight for his life', 5, 'robert downey senior', 'U/A', 'Action'], 29: ['8.jpeg', 'IronMan 2', 'Iron man Has to fight his arch nemisis once again', 4, 'Robert Downey Jr., Bradd Pitt', 'A', 'Action'], 30: ['9.jpeg', 'Iron man 3', 'One last time he dawns the suit of armour that he created', 3, 'Robert Downey Jr.', 'U', 'Suspense'], 33: ['10.jpeg', 'Iron Movie', 'This is a random movie to populate the data base', 5, 'Elton', 'U/A', 'Horror'], 34: ['11.jpeg', 'Dabang 2', 'This movie is a cop story', 2, 'Salman khan, Sonakshi', 'U/A', 'Action'], 35: ['12.jpeg', 'Dia', 'Life is full of surprises and miracles', 5, 'Pruthvi,Kushi', 'U/A', 'Suspense'], 36: ['13.jpeg', 'OMK', 'Live the present', 5, 'Ashok,Rithika', 'A', 'Comedy']}
30-Mar-21 23:48:04 - root - INFO - nhome.py GUI created
31-Mar-21 10:47:27 - root - INFO - nhome.py initiated
31-Mar-21 10:47:27 - root - INFO - nhome.py initiated
31-Mar-21 10:47:33 - root - INFO - ['Mataji', 'Dabang', 'Conjuring'] [5, 1, 5]
31-Mar-21 10:47:34 - root - INFO - {1: ['1.jpeg', 'Mataji', 'this movie is about....', 5, ' Shahrukh khan,kajol', 'U', 'thriller'], 2: ['2.jpeg', 'Dabang', 'this movie is about....', 1, ' Salman khan,sonakshi', 'A', 'Action'], 3: ['3.jpeg', 'Conjuring', 'Mata: Whole world', 5, 'Abc,XYZ,', 'U', 'Family'], 5: ['4.jpeg', 'Holi', 'Rango ka Tyohaardasd', 4, 'no oneasda', 'U/A', 'Horror'], 24: ['5.jpeg', 'Bahubali', 'beautiful tale of love and friendship that we will never get to see', 3, 'Apple, Bottom, Jeans', 'U/A', 'Comedy'], 27: ['6.jpeg', 'Holi', 'Rango ka Tyohaar', 4, 'no one', 'U/A', 'None'], 28: ['7.jpeg', 'Iron Man', 'Man of steel. he has to to fight for his life', 5, 'robert downey senior', 'U/A', 'Action'], 29: ['8.jpeg', 'IronMan 2', 'Iron man Has to fight his arch nemisis once again', 4, 'Robert Downey Jr., Bradd Pitt', 'A', 'Action'], 30: ['9.jpeg', 'Iron man 3', 'One last time he dawns the suit of armour that he created', 3, 'Robert Downey Jr.', 'U', 'Suspense'], 34: ['10.jpeg', 'Dabang 2', 'This movie is a cop story', 2, 'Salman khan, Sonakshi', 'U/A', 'Action'], 35: ['11.jpeg', 'Dia', 'Life is full of surprises and miracles', 5, 'Pruthvi,Kushi', 'U/A', 'Suspense'], 36: ['12.jpeg', 'OMK', 'Live the present', 5, 'Ashok,Rithika', 'A', 'Comedy'], 37: ['13.jpeg', 'Master', 'MAster the Blaster', 5, 'Vijay,Shanthanu', 'U/A', 'Action']}
31-Mar-21 10:47:39 - root - INFO - nhome.py GUI created
31-Mar-21 10:47:46 - root - INFO - ['1.jpeg', 'Mataji', 'this movie is about....', 5, ' Shahrukh khan,kajol', 'U', 'thriller']
31-Mar-21 10:47:49 - root - INFO - 14
31-Mar-21 10:47:49 - root - INFO - [[1, 'pvr', 'Mumbai', 'any loc....', 1, '12-3', 550]]
31-Mar-21 10:47:49 - root - INFO - [[1, 'pvr', 'Mumbai', 'any loc....', 1, '12-3', 550], [1, 'pvr', 'Mumbai', 'any loc....', 2, '4-7', 600]]
31-Mar-21 10:47:49 - root - INFO - [[1, 'pvr', 'Mumbai', 'any loc....', 1, '12-3', 550], [1, 'pvr', 'Mumbai', 'any loc....', 2, '4-7', 600]]
31-Mar-21 10:47:49 - root - INFO - [[1, 'pvr', 'Mumbai', 'any loc....', 1, '12-3', 550], [1, 'pvr', 'Mumbai', 'any loc....', 2, '4-7', 600], [2, 'srs', 'delhi', 'somewhere in brooklyn', 5, '4-7', 600]]
31-Mar-21 10:47:49 - root - INFO - [[2, 'srs', 'delhi', 'somewhere in brooklyn', 3, '12-3', 550]]
31-Mar-21 10:47:49 - root - INFO - [[2, 'srs', 'delhi', 'somewhere in brooklyn', 3, '12-3', 550], [2, 'srs', 'delhi', 'somewhere in brooklyn', 4, '4-7', 600]]
31-Mar-21 10:47:49 - root - INFO - [[1, 'pvr', 'Mumbai', 'any loc....', 17, '12-3', 300]]
31-Mar-21 10:47:49 - root - INFO - [[1, 'pvr', 'Mumbai', 'any loc....', 17, '12-3', 300], [1, 'pvr', 'Mumbai', 'any loc....', 18, '9-12', 300]]
31-Mar-21 10:47:49 - root - INFO - [[1, 'pvr', 'Mumbai', 'any loc....', 17, '12-3', 300], [1, 'pvr', 'Mumbai', 'any loc....', 18, '9-12', 300]]
31-Mar-21 10:47:49 - root - INFO - [[1, 'pvr', 'Mumbai', 'any loc....', 17, '12-3', 300], [1, 'pvr', 'Mumbai', 'any loc....', 18, '9-12', 300], [2, 'srs', 'delhi', 'somewhere in brooklyn', 19, '9-12', 300]]
31-Mar-21 10:47:49 - root - INFO - [[1, 'pvr', 'Mumbai', 'any loc....', 24, '12-3', 300]]
31-Mar-21 10:47:49 - root - INFO - [[1, 'pvr', 'Mumbai', 'any loc....', 24, '12-3', 300], [1, 'pvr', 'Mumbai', 'any loc....', 25, '4-7', 300]]
31-Mar-21 10:47:49 - root - INFO - [[1, 'pvr', 'Mumbai', 'any loc....', 24, '12-3', 300], [1, 'pvr', 'Mumbai', 'any loc....', 25, '4-7', 300]]
31-Mar-21 10:47:49 - root - INFO - [[1, 'pvr', 'Mumbai', 'any loc....', 24, '12-3', 300], [1, 'pvr', 'Mumbai', 'any loc....', 25, '4-7', 300], [2, 'srs', 'delhi', 'somewhere in brooklyn', 26, '4-7', 300]]
31-Mar-21 10:47:49 - root - INFO - {'2021-03-25': [[1, 'pvr', 'Mumbai', 'any loc....', 1, '12-3', 550], [1, 'pvr', 'Mumbai', 'any loc....', 2, '4-7', 600], [2, 'srs', 'delhi', 'somewhere in brooklyn', 5, '4-7', 600]], '2021-03-27': [[2, 'srs', 'delhi', 'somewhere in brooklyn', 3, '12-3', 550], [2, 'srs', 'delhi', 'somewhere in brooklyn', 4, '4-7', 600]], '2021-03-29': [[1, 'pvr', 'Mumbai', 'any loc....', 17, '12-3', 300], [1, 'pvr', 'Mumbai', 'any loc....', 18, '9-12', 300], [2, 'srs', 'delhi', 'somewhere in brooklyn', 19, '9-12', 300]], '2021-03-30': [[1, 'pvr', 'Mumbai', 'any loc....', 24, '12-3', 300], [1, 'pvr', 'Mumbai', 'any loc....', 25, '4-7', 300], [2, 'srs', 'delhi', 'somewhere in brooklyn', 26, '4-7', 300]], '2021-03-31': [[1, 'pvr', 'Mumbai', 'any loc....', 48, '8-11', 200]], '2021-04-02': [[1, 'pvr', 'Mumbai', 'any loc....', 36, '12-3', 250]], '2021-04-03': [[1, 'pvr', 'Mumbai', 'any loc....', 78, '16:00', 200]]}
31-Mar-21 10:48:40 - root - INFO - ['Mataji', 'Dabang', 'Conjuring'] [5, 1, 5]
31-Mar-21 10:48:41 - root - INFO - {1: ['1.jpeg', 'Mataji', 'this movie is about....', 5, ' Shahrukh khan,kajol', 'U', 'thriller'], 2: ['2.jpeg', 'Dabang', 'this movie is about....', 1, ' Salman khan,sonakshi', 'A', 'Action'], 3: ['3.jpeg', 'Conjuring', 'Mata: Whole world', 5, 'Abc,XYZ,', 'U', 'Family'], 5: ['4.jpeg', 'Holi', 'Rango ka Tyohaardasd', 4, 'no oneasda', 'U/A', 'Horror'], 24: ['5.jpeg', 'Bahubali', 'beautiful tale of love and friendship that we will never get to see', 3, 'Apple, Bottom, Jeans', 'U/A', 'Comedy'], 27: ['6.jpeg', 'Holi', 'Rango ka Tyohaar', 4, 'no one', 'U/A', 'None'], 28: ['7.jpeg', 'Iron Man', 'Man of steel. he has to to fight for his life', 5, 'robert downey senior', 'U/A', 'Action'], 29: ['8.jpeg', 'IronMan 2', 'Iron man Has to fight his arch nemisis once again', 4, 'Robert Downey Jr., Bradd Pitt', 'A', 'Action'], 30: ['9.jpeg', 'Iron man 3', 'One last time he dawns the suit of armour that he created', 3, 'Robert Downey Jr.', 'U', 'Suspense'], 34: ['10.jpeg', 'Dabang 2', 'This movie is a cop story', 2, 'Salman khan, Sonakshi', 'U/A', 'Action'], 35: ['11.jpeg', 'Dia', 'Life is full of surprises and miracles', 5, 'Pruthvi,Kushi', 'U/A', 'Suspense'], 36: ['12.jpeg', 'OMK', 'Live the present', 5, 'Ashok,Rithika', 'A', 'Comedy'], 37: ['13.jpeg', 'Master', 'MAster the Blaster', 5, 'Vijay,Shanthanu', 'U/A', 'Action']}
31-Mar-21 10:48:41 - root - INFO - nhome.py GUI created
31-Mar-21 12:00:31 - root - INFO - nhome.py initiated
31-Mar-21 12:00:31 - root - INFO - Signin.py initiated
31-Mar-21 12:00:31 - root - INFO - regd.py initiated
31-Mar-21 12:00:31 - root - INFO - register.py initiated
31-Mar-21 12:00:31 - root - INFO - Signin.py initiated
31-Mar-21 12:00:32 - root - INFO - Signin.py GUI created
31-Mar-21 12:00:57 - root - INFO - Connection made to the MYSQL server and the database
31-Mar-21 12:00:57 - sshtunnel.SSHTunnelForwarder - INFO - Could not establish connection from local ('127.0.0.1', 51982) to remote ('127.0.0.1', 3306) side of the tunnel: 
31-Mar-21 12:00:58 - root - INFO - Signin successful for siddharth.krishna8@gmail.com
31-Mar-21 12:01:03 - root - INFO - ['Mataji', 'Dabang', 'Conjuring'] [5, 1, 5]
31-Mar-21 12:01:03 - root - INFO - {1: ['1.jpeg', 'Mataji', 'this movie is about....', 5, ' Shahrukh khan,kajol', 'U', 'thriller'], 2: ['2.jpeg', 'Dabang', 'this movie is about....', 1, ' Salman khan,sonakshi', 'A', 'Action'], 3: ['3.jpeg', 'Conjuring', 'Mata: Whole world', 5, 'Abc,XYZ,', 'U', 'Family'], 5: ['4.jpeg', 'Holi', 'Rango ka Tyohaardasd', 4, 'no oneasda', 'U/A', 'Horror'], 24: ['5.jpeg', 'Bahubali', 'beautiful tale of love and friendship that we will never get to see', 3, 'Apple, Bottom, Jeans', 'U/A', 'Comedy'], 27: ['6.jpeg', 'Holi', 'Rango ka Tyohaar', 4, 'no one', 'U/A', 'None'], 28: ['7.jpeg', 'Iron Man', 'Man of steel. he has to to fight for his life', 5, 'robert downey senior', 'U/A', 'Action'], 29: ['8.jpeg', 'IronMan 2', 'Iron man Has to fight his arch nemisis once again', 4, 'Robert Downey Jr., Bradd Pitt', 'A', 'Action'], 30: ['9.jpeg', 'Iron man 3', 'One last time he dawns the suit of armour that he created', 3, 'Robert Downey Jr.', 'U', 'Suspense'], 34: ['10.jpeg', 'Dabang 2', 'This movie is a cop story', 2, 'Salman khan, Sonakshi', 'U/A', 'Action'], 35: ['11.jpeg', 'Dia', 'Life is full of surprises and miracles', 5, 'Pruthvi,Kushi', 'U/A', 'Suspense'], 36: ['12.jpeg', 'OMK', 'Live the present', 5, 'Ashok,Rithika', 'A', 'Comedy'], 37: ['13.jpeg', 'Master', 'MAster the Blaster', 5, 'Vijay,Shanthanu', 'U/A', 'Action']}
31-Mar-21 12:01:05 - root - INFO - nhome.py GUI created
31-Mar-21 12:04:08 - root - INFO - [5, 1, 5]
31-Mar-21 12:07:48 - root - INFO - ['Mataji', 'Dabang', 'Conjuring'] [5, 1, 5]
31-Mar-21 12:07:49 - root - INFO - {1: ['1.jpeg', 'Mataji', 'this movie is about....', 5, ' Shahrukh khan,kajol', 'U', 'thriller'], 2: ['2.jpeg', 'Dabang', 'this movie is about....', 1, ' Salman khan,sonakshi', 'A', 'Action'], 3: ['3.jpeg', 'Conjuring', 'Mata: Whole world', 5, 'Abc,XYZ,', 'U', 'Family'], 5: ['4.jpeg', 'Holi', 'Rango ka Tyohaardasd', 4, 'no oneasda', 'U/A', 'Horror'], 24: ['5.jpeg', 'Bahubali', 'beautiful tale of love and friendship that we will never get to see', 3, 'Apple, Bottom, Jeans', 'U/A', 'Comedy'], 27: ['6.jpeg', 'Holi', 'Rango ka Tyohaar', 4, 'no one', 'U/A', 'None'], 28: ['7.jpeg', 'Iron Man', 'Man of steel. he has to to fight for his life', 5, 'robert downey senior', 'U/A', 'Action'], 29: ['8.jpeg', 'IronMan 2', 'Iron man Has to fight his arch nemisis once again', 4, 'Robert Downey Jr., Bradd Pitt', 'A', 'Action'], 30: ['9.jpeg', 'Iron man 3', 'One last time he dawns the suit of armour that he created', 3, 'Robert Downey Jr.', 'U', 'Suspense'], 34: ['10.jpeg', 'Dabang 2', 'This movie is a cop story', 2, 'Salman khan, Sonakshi', 'U/A', 'Action'], 35: ['11.jpeg', 'Dia', 'Life is full of surprises and miracles', 5, 'Pruthvi,Kushi', 'U/A', 'Suspense'], 36: ['12.jpeg', 'OMK', 'Live the present', 5, 'Ashok,Rithika', 'A', 'Comedy'], 37: ['13.jpeg', 'Master', 'MAster the Blaster', 5, 'Vijay,Shanthanu', 'U/A', 'Action']}
31-Mar-21 12:07:49 - root - INFO - nhome.py GUI created
31-Mar-21 12:07:51 - root - INFO - [5, 1, 5]
31-Mar-21 12:08:07 - root - INFO - ['Mataji', 'Dabang', 'Conjuring'] [5, 1, 5]
31-Mar-21 12:08:07 - root - INFO - {1: ['1.jpeg', 'Mataji', 'this movie is about....', 5, ' Shahrukh khan,kajol', 'U', 'thriller'], 2: ['2.jpeg', 'Dabang', 'this movie is about....', 1, ' Salman khan,sonakshi', 'A', 'Action'], 3: ['3.jpeg', 'Conjuring', 'Mata: Whole world', 5, 'Abc,XYZ,', 'U', 'Family'], 5: ['4.jpeg', 'Holi', 'Rango ka Tyohaardasd', 4, 'no oneasda', 'U/A', 'Horror'], 24: ['5.jpeg', 'Bahubali', 'beautiful tale of love and friendship that we will never get to see', 3, 'Apple, Bottom, Jeans', 'U/A', 'Comedy'], 27: ['6.jpeg', 'Holi', 'Rango ka Tyohaar', 4, 'no one', 'U/A', 'None'], 28: ['7.jpeg', 'Iron Man', 'Man of steel. he has to to fight for his life', 5, 'robert downey senior', 'U/A', 'Action'], 29: ['8.jpeg', 'IronMan 2', 'Iron man Has to fight his arch nemisis once again', 4, 'Robert Downey Jr., Bradd Pitt', 'A', 'Action'], 30: ['9.jpeg', 'Iron man 3', 'One last time he dawns the suit of armour that he created', 3, 'Robert Downey Jr.', 'U', 'Suspense'], 34: ['10.jpeg', 'Dabang 2', 'This movie is a cop story', 2, 'Salman khan, Sonakshi', 'U/A', 'Action'], 35: ['11.jpeg', 'Dia', 'Life is full of surprises and miracles', 5, 'Pruthvi,Kushi', 'U/A', 'Suspense'], 36: ['12.jpeg', 'OMK', 'Live the present', 5, 'Ashok,Rithika', 'A', 'Comedy'], 37: ['13.jpeg', 'Master', 'MAster the Blaster', 5, 'Vijay,Shanthanu', 'U/A', 'Action']}
31-Mar-21 12:08:07 - root - INFO - nhome.py GUI created
31-Mar-21 12:09:05 - root - INFO - ['2.jpeg', 'Dabang', 'this movie is about....', 1, ' Salman khan,sonakshi', 'A', 'Action']
31-Mar-21 12:09:08 - root - INFO - 8
31-Mar-21 12:09:08 - root - INFO - [[1, 'pvr', 'Mumbai', 'any loc....', 21, '4-7', 400]]
31-Mar-21 12:09:08 - root - INFO - [[1, 'pvr', 'Mumbai', 'any loc....', 21, '4-7', 400], [2, 'srs', 'delhi', 'somewhere in brooklyn', 22, '4-7', 400]]
31-Mar-21 12:09:08 - root - INFO - [[1, 'pvr', 'Mumbai', 'any loc....', 21, '4-7', 400], [2, 'srs', 'delhi', 'somewhere in brooklyn', 22, '4-7', 400]]
31-Mar-21 12:09:08 - root - INFO - [[1, 'pvr', 'Mumbai', 'any loc....', 21, '4-7', 400], [2, 'srs', 'delhi', 'somewhere in brooklyn', 22, '4-7', 400], [2, 'srs', 'delhi', 'somewhere in brooklyn', 23, '12-3', 500]]
31-Mar-21 12:09:08 - root - INFO - {'2021-03-26': [[2, 'srs', 'delhi', 'somewhere in brooklyn', 7, '12-3', 500]], '2021-03-27': [[1, 'pvr', 'Mumbai', 'any loc....', 6, '12-3', 500]], '2021-03-29': [[1, 'pvr', 'Mumbai', 'any loc....', 21, '4-7', 400], [2, 'srs', 'delhi', 'somewhere in brooklyn', 22, '4-7', 400], [2, 'srs', 'delhi', 'somewhere in brooklyn', 23, '12-3', 500]], '2021-03-30': [[1, 'pvr', 'Mumbai', 'any loc....', 42, '9-12', 350]], '2021-03-31': [[2, 'srs', 'delhi', 'somewhere in brooklyn', 47, '9-12', 300]], '2021-04-02': [[1, 'pvr', 'Mumbai', 'any loc....', 54, '9-12', 500]]}
31-Mar-21 12:10:29 - root - INFO - ['Mataji', 'Dabang', 'Conjuring'] [5, 1, 5]
31-Mar-21 12:10:29 - root - INFO - {1: ['1.jpeg', 'Mataji', 'this movie is about....', 5, ' Shahrukh khan,kajol', 'U', 'thriller'], 2: ['2.jpeg', 'Dabang', 'this movie is about....', 1, ' Salman khan,sonakshi', 'A', 'Action'], 3: ['3.jpeg', 'Conjuring', 'Mata: Whole world', 5, 'Abc,XYZ,', 'U', 'Family'], 5: ['4.jpeg', 'Holi', 'Rango ka Tyohaardasd', 4, 'no oneasda', 'U/A', 'Horror'], 24: ['5.jpeg', 'Bahubali', 'beautiful tale of love and friendship that we will never get to see', 3, 'Apple, Bottom, Jeans', 'U/A', 'Comedy'], 27: ['6.jpeg', 'Holi', 'Rango ka Tyohaar', 4, 'no one', 'U/A', 'None'], 28: ['7.jpeg', 'Iron Man', 'Man of steel. he has to to fight for his life', 5, 'robert downey senior', 'U/A', 'Action'], 29: ['8.jpeg', 'IronMan 2', 'Iron man Has to fight his arch nemisis once again', 4, 'Robert Downey Jr., Bradd Pitt', 'A', 'Action'], 30: ['9.jpeg', 'Iron man 3', 'One last time he dawns the suit of armour that he created', 3, 'Robert Downey Jr.', 'U', 'Suspense'], 34: ['10.jpeg', 'Dabang 2', 'This movie is a cop story', 2, 'Salman khan, Sonakshi', 'U/A', 'Action'], 35: ['11.jpeg', 'Dia', 'Life is full of surprises and miracles', 5, 'Pruthvi,Kushi', 'U/A', 'Suspense'], 36: ['12.jpeg', 'OMK', 'Live the present', 5, 'Ashok,Rithika', 'A', 'Comedy'], 37: ['13.jpeg', 'Master', 'MAster the Blaster', 5, 'Vijay,Shanthanu', 'U/A', 'Action']}
31-Mar-21 12:10:29 - root - INFO - nhome.py GUI created
31-Mar-21 12:10:31 - root - INFO - [5, 1, 5]
31-Mar-21 12:10:50 - root - INFO - ['Mataji', 'Dabang', 'Conjuring'] [5, 1, 5]
31-Mar-21 12:10:50 - root - INFO - {1: ['1.jpeg', 'Mataji', 'this movie is about....', 5, ' Shahrukh khan,kajol', 'U', 'thriller'], 2: ['2.jpeg', 'Dabang', 'this movie is about....', 1, ' Salman khan,sonakshi', 'A', 'Action'], 3: ['3.jpeg', 'Conjuring', 'Mata: Whole world', 5, 'Abc,XYZ,', 'U', 'Family'], 5: ['4.jpeg', 'Holi', 'Rango ka Tyohaardasd', 4, 'no oneasda', 'U/A', 'Horror'], 24: ['5.jpeg', 'Bahubali', 'beautiful tale of love and friendship that we will never get to see', 3, 'Apple, Bottom, Jeans', 'U/A', 'Comedy'], 27: ['6.jpeg', 'Holi', 'Rango ka Tyohaar', 4, 'no one', 'U/A', 'None'], 28: ['7.jpeg', 'Iron Man', 'Man of steel. he has to to fight for his life', 5, 'robert downey senior', 'U/A', 'Action'], 29: ['8.jpeg', 'IronMan 2', 'Iron man Has to fight his arch nemisis once again', 4, 'Robert Downey Jr., Bradd Pitt', 'A', 'Action'], 30: ['9.jpeg', 'Iron man 3', 'One last time he dawns the suit of armour that he created', 3, 'Robert Downey Jr.', 'U', 'Suspense'], 34: ['10.jpeg', 'Dabang 2', 'This movie is a cop story', 2, 'Salman khan, Sonakshi', 'U/A', 'Action'], 35: ['11.jpeg', 'Dia', 'Life is full of surprises and miracles', 5, 'Pruthvi,Kushi', 'U/A', 'Suspense'], 36: ['12.jpeg', 'OMK', 'Live the present', 5, 'Ashok,Rithika', 'A', 'Comedy'], 37: ['13.jpeg', 'Master', 'MAster the Blaster', 5, 'Vijay,Shanthanu', 'U/A', 'Action']}
31-Mar-21 12:10:50 - root - INFO - nhome.py GUI created
31-Mar-21 12:11:08 - root - INFO - ['2.jpeg', 'Dabang', 'this movie is about....', 1, ' Salman khan,sonakshi', 'A', 'Action']
31-Mar-21 12:11:12 - root - INFO - 8
31-Mar-21 12:11:12 - root - INFO - [[1, 'pvr', 'Mumbai', 'any loc....', 21, '4-7', 400]]
31-Mar-21 12:11:12 - root - INFO - [[1, 'pvr', 'Mumbai', 'any loc....', 21, '4-7', 400], [2, 'srs', 'delhi', 'somewhere in brooklyn', 22, '4-7', 400]]
31-Mar-21 12:11:12 - root - INFO - [[1, 'pvr', 'Mumbai', 'any loc....', 21, '4-7', 400], [2, 'srs', 'delhi', 'somewhere in brooklyn', 22, '4-7', 400]]
31-Mar-21 12:11:12 - root - INFO - [[1, 'pvr', 'Mumbai', 'any loc....', 21, '4-7', 400], [2, 'srs', 'delhi', 'somewhere in brooklyn', 22, '4-7', 400], [2, 'srs', 'delhi', 'somewhere in brooklyn', 23, '12-3', 500]]
31-Mar-21 12:11:12 - root - INFO - {'2021-03-26': [[2, 'srs', 'delhi', 'somewhere in brooklyn', 7, '12-3', 500]], '2021-03-27': [[1, 'pvr', 'Mumbai', 'any loc....', 6, '12-3', 500]], '2021-03-29': [[1, 'pvr', 'Mumbai', 'any loc....', 21, '4-7', 400], [2, 'srs', 'delhi', 'somewhere in brooklyn', 22, '4-7', 400], [2, 'srs', 'delhi', 'somewhere in brooklyn', 23, '12-3', 500]], '2021-03-30': [[1, 'pvr', 'Mumbai', 'any loc....', 42, '9-12', 350]], '2021-03-31': [[2, 'srs', 'delhi', 'somewhere in brooklyn', 47, '9-12', 300]], '2021-04-02': [[1, 'pvr', 'Mumbai', 'any loc....', 54, '9-12', 500]]}
31-Mar-21 12:13:07 - root - INFO - ['Mataji', 'Dabang', 'Conjuring'] [5, 1, 5]
31-Mar-21 12:13:07 - root - INFO - {1: ['1.jpeg', 'Mataji', 'this movie is about....', 5, ' Shahrukh khan,kajol', 'U', 'thriller'], 2: ['2.jpeg', 'Dabang', 'this movie is about....', 1, ' Salman khan,sonakshi', 'A', 'Action'], 3: ['3.jpeg', 'Conjuring', 'Mata: Whole world', 5, 'Abc,XYZ,', 'U', 'Family'], 5: ['4.jpeg', 'Holi', 'Rango ka Tyohaardasd', 4, 'no oneasda', 'U/A', 'Horror'], 24: ['5.jpeg', 'Bahubali', 'beautiful tale of love and friendship that we will never get to see', 3, 'Apple, Bottom, Jeans', 'U/A', 'Comedy'], 27: ['6.jpeg', 'Holi', 'Rango ka Tyohaar', 4, 'no one', 'U/A', 'None'], 28: ['7.jpeg', 'Iron Man', 'Man of steel. he has to to fight for his life', 5, 'robert downey senior', 'U/A', 'Action'], 29: ['8.jpeg', 'IronMan 2', 'Iron man Has to fight his arch nemisis once again', 4, 'Robert Downey Jr., Bradd Pitt', 'A', 'Action'], 30: ['9.jpeg', 'Iron man 3', 'One last time he dawns the suit of armour that he created', 3, 'Robert Downey Jr.', 'U', 'Suspense'], 34: ['10.jpeg', 'Dabang 2', 'This movie is a cop story', 2, 'Salman khan, Sonakshi', 'U/A', 'Action'], 35: ['11.jpeg', 'Dia', 'Life is full of surprises and miracles', 5, 'Pruthvi,Kushi', 'U/A', 'Suspense'], 36: ['12.jpeg', 'OMK', 'Live the present', 5, 'Ashok,Rithika', 'A', 'Comedy'], 37: ['13.jpeg', 'Master', 'MAster the Blaster', 5, 'Vijay,Shanthanu', 'U/A', 'Action']}
31-Mar-21 12:13:07 - root - INFO - nhome.py GUI created
31-Mar-21 12:13:15 - root - INFO - ['2.jpeg', 'Dabang', 'this movie is about....', 1, ' Salman khan,sonakshi', 'A', 'Action']
31-Mar-21 12:13:19 - root - INFO - 8
31-Mar-21 12:13:19 - root - INFO - [[1, 'pvr', 'Mumbai', 'any loc....', 21, '4-7', 400]]
31-Mar-21 12:13:19 - root - INFO - [[1, 'pvr', 'Mumbai', 'any loc....', 21, '4-7', 400], [2, 'srs', 'delhi', 'somewhere in brooklyn', 22, '4-7', 400]]
31-Mar-21 12:13:19 - root - INFO - [[1, 'pvr', 'Mumbai', 'any loc....', 21, '4-7', 400], [2, 'srs', 'delhi', 'somewhere in brooklyn', 22, '4-7', 400]]
31-Mar-21 12:13:19 - root - INFO - [[1, 'pvr', 'Mumbai', 'any loc....', 21, '4-7', 400], [2, 'srs', 'delhi', 'somewhere in brooklyn', 22, '4-7', 400], [2, 'srs', 'delhi', 'somewhere in brooklyn', 23, '12-3', 500]]
31-Mar-21 12:13:19 - root - INFO - {'2021-03-26': [[2, 'srs', 'delhi', 'somewhere in brooklyn', 7, '12-3', 500]], '2021-03-27': [[1, 'pvr', 'Mumbai', 'any loc....', 6, '12-3', 500]], '2021-03-29': [[1, 'pvr', 'Mumbai', 'any loc....', 21, '4-7', 400], [2, 'srs', 'delhi', 'somewhere in brooklyn', 22, '4-7', 400], [2, 'srs', 'delhi', 'somewhere in brooklyn', 23, '12-3', 500]], '2021-03-30': [[1, 'pvr', 'Mumbai', 'any loc....', 42, '9-12', 350]], '2021-03-31': [[2, 'srs', 'delhi', 'somewhere in brooklyn', 47, '9-12', 300]], '2021-04-02': [[1, 'pvr', 'Mumbai', 'any loc....', 54, '9-12', 500]]}
31-Mar-21 12:16:42 - root - INFO - nhome.py initiated
31-Mar-21 12:16:42 - root - INFO - Signin.py initiated
31-Mar-21 12:16:42 - root - INFO - regd.py initiated
31-Mar-21 12:16:42 - root - INFO - register.py initiated
31-Mar-21 12:16:42 - root - INFO - Signin.py initiated
31-Mar-21 12:16:42 - root - INFO - Signin.py GUI created
31-Mar-21 12:17:08 - root - INFO - Connection made to the MYSQL server and the database
31-Mar-21 12:17:09 - root - INFO - Signin successful for siddharth.krishna8@gmail.com
31-Mar-21 12:17:14 - root - INFO - ['Mataji', 'Dabang', 'Conjuring'] [5, 1, 5]
31-Mar-21 12:17:14 - root - INFO - {1: ['1.jpeg', 'Mataji', 'this movie is about....', 5, ' Shahrukh khan,kajol', 'U', 'thriller'], 2: ['2.jpeg', 'Dabang', 'this movie is about....', 1, ' Salman khan,sonakshi', 'A', 'Action'], 3: ['3.jpeg', 'Conjuring', 'Mata: Whole world', 5, 'Abc,XYZ,', 'U', 'Family'], 5: ['4.jpeg', 'Holi', 'Rango ka Tyohaardasd', 4, 'no oneasda', 'U/A', 'Horror'], 24: ['5.jpeg', 'Bahubali', 'beautiful tale of love and friendship that we will never get to see', 3, 'Apple, Bottom, Jeans', 'U/A', 'Comedy'], 27: ['6.jpeg', 'Holi', 'Rango ka Tyohaar', 4, 'no one', 'U/A', 'None'], 28: ['7.jpeg', 'Iron Man', 'Man of steel. he has to to fight for his life', 5, 'robert downey senior', 'U/A', 'Action'], 29: ['8.jpeg', 'IronMan 2', 'Iron man Has to fight his arch nemisis once again', 4, 'Robert Downey Jr., Bradd Pitt', 'A', 'Action'], 30: ['9.jpeg', 'Iron man 3', 'One last time he dawns the suit of armour that he created', 3, 'Robert Downey Jr.', 'U', 'Suspense'], 34: ['10.jpeg', 'Dabang 2', 'This movie is a cop story', 2, 'Salman khan, Sonakshi', 'U/A', 'Action'], 35: ['11.jpeg', 'Dia', 'Life is full of surprises and miracles', 5, 'Pruthvi,Kushi', 'U/A', 'Suspense'], 36: ['12.jpeg', 'OMK', 'Live the present', 5, 'Ashok,Rithika', 'A', 'Comedy'], 37: ['13.jpeg', 'Master', 'MAster the Blaster', 5, 'Vijay,Shanthanu', 'U/A', 'Action']}
31-Mar-21 12:17:14 - root - INFO - nhome.py GUI created
31-Mar-21 12:17:20 - root - INFO - ['2.jpeg', 'Dabang', 'this movie is about....', 1, ' Salman khan,sonakshi', 'A', 'Action']
31-Mar-21 12:17:23 - root - INFO - 8
31-Mar-21 12:17:23 - root - INFO - [[1, 'pvr', 'Mumbai', 'any loc....', 21, '4-7', 400]]
31-Mar-21 12:17:23 - root - INFO - [[1, 'pvr', 'Mumbai', 'any loc....', 21, '4-7', 400], [2, 'srs', 'delhi', 'somewhere in brooklyn', 22, '4-7', 400]]
31-Mar-21 12:17:23 - root - INFO - [[1, 'pvr', 'Mumbai', 'any loc....', 21, '4-7', 400], [2, 'srs', 'delhi', 'somewhere in brooklyn', 22, '4-7', 400]]
31-Mar-21 12:17:23 - root - INFO - [[1, 'pvr', 'Mumbai', 'any loc....', 21, '4-7', 400], [2, 'srs', 'delhi', 'somewhere in brooklyn', 22, '4-7', 400], [2, 'srs', 'delhi', 'somewhere in brooklyn', 23, '12-3', 500]]
31-Mar-21 12:17:23 - root - INFO - {'2021-03-26': [[2, 'srs', 'delhi', 'somewhere in brooklyn', 7, '12-3', 500]], '2021-03-27': [[1, 'pvr', 'Mumbai', 'any loc....', 6, '12-3', 500]], '2021-03-29': [[1, 'pvr', 'Mumbai', 'any loc....', 21, '4-7', 400], [2, 'srs', 'delhi', 'somewhere in brooklyn', 22, '4-7', 400], [2, 'srs', 'delhi', 'somewhere in brooklyn', 23, '12-3', 500]], '2021-03-30': [[1, 'pvr', 'Mumbai', 'any loc....', 42, '9-12', 350]], '2021-03-31': [[2, 'srs', 'delhi', 'somewhere in brooklyn', 47, '9-12', 300]], '2021-04-02': [[1, 'pvr', 'Mumbai', 'any loc....', 54, '9-12', 500]]}
31-Mar-21 12:19:09 - root - INFO - ['Mataji', 'Dabang', 'Conjuring'] [5, 1, 5]
31-Mar-21 12:19:09 - root - INFO - {1: ['1.jpeg', 'Mataji', 'this movie is about....', 5, ' Shahrukh khan,kajol', 'U', 'thriller'], 2: ['2.jpeg', 'Dabang', 'this movie is about....', 1, ' Salman khan,sonakshi', 'A', 'Action'], 3: ['3.jpeg', 'Conjuring', 'Mata: Whole world', 5, 'Abc,XYZ,', 'U', 'Family'], 5: ['4.jpeg', 'Holi', 'Rango ka Tyohaardasd', 4, 'no oneasda', 'U/A', 'Horror'], 24: ['5.jpeg', 'Bahubali', 'beautiful tale of love and friendship that we will never get to see', 3, 'Apple, Bottom, Jeans', 'U/A', 'Comedy'], 27: ['6.jpeg', 'Holi', 'Rango ka Tyohaar', 4, 'no one', 'U/A', 'None'], 28: ['7.jpeg', 'Iron Man', 'Man of steel. he has to to fight for his life', 5, 'robert downey senior', 'U/A', 'Action'], 29: ['8.jpeg', 'IronMan 2', 'Iron man Has to fight his arch nemisis once again', 4, 'Robert Downey Jr., Bradd Pitt', 'A', 'Action'], 30: ['9.jpeg', 'Iron man 3', 'One last time he dawns the suit of armour that he created', 3, 'Robert Downey Jr.', 'U', 'Suspense'], 34: ['10.jpeg', 'Dabang 2', 'This movie is a cop story', 2, 'Salman khan, Sonakshi', 'U/A', 'Action'], 35: ['11.jpeg', 'Dia', 'Life is full of surprises and miracles', 5, 'Pruthvi,Kushi', 'U/A', 'Suspense'], 36: ['12.jpeg', 'OMK', 'Live the present', 5, 'Ashok,Rithika', 'A', 'Comedy'], 37: ['13.jpeg', 'Master', 'MAster the Blaster', 5, 'Vijay,Shanthanu', 'U/A', 'Action']}
31-Mar-21 12:19:09 - root - INFO - nhome.py GUI created
31-Mar-21 12:19:11 - root - INFO - [5, 1, 5]
31-Mar-21 12:19:47 - root - INFO - ['Mataji', 'Dabang', 'Conjuring'] [5, 1, 5]
31-Mar-21 12:19:47 - root - INFO - {1: ['1.jpeg', 'Mataji', 'this movie is about....', 5, ' Shahrukh khan,kajol', 'U', 'thriller'], 2: ['2.jpeg', 'Dabang', 'this movie is about....', 1, ' Salman khan,sonakshi', 'A', 'Action'], 3: ['3.jpeg', 'Conjuring', 'Mata: Whole world', 5, 'Abc,XYZ,', 'U', 'Family'], 5: ['4.jpeg', 'Holi', 'Rango ka Tyohaardasd', 4, 'no oneasda', 'U/A', 'Horror'], 24: ['5.jpeg', 'Bahubali', 'beautiful tale of love and friendship that we will never get to see', 3, 'Apple, Bottom, Jeans', 'U/A', 'Comedy'], 27: ['6.jpeg', 'Holi', 'Rango ka Tyohaar', 4, 'no one', 'U/A', 'None'], 28: ['7.jpeg', 'Iron Man', 'Man of steel. he has to to fight for his life', 5, 'robert downey senior', 'U/A', 'Action'], 29: ['8.jpeg', 'IronMan 2', 'Iron man Has to fight his arch nemisis once again', 4, 'Robert Downey Jr., Bradd Pitt', 'A', 'Action'], 30: ['9.jpeg', 'Iron man 3', 'One last time he dawns the suit of armour that he created', 3, 'Robert Downey Jr.', 'U', 'Suspense'], 34: ['10.jpeg', 'Dabang 2', 'This movie is a cop story', 2, 'Salman khan, Sonakshi', 'U/A', 'Action'], 35: ['11.jpeg', 'Dia', 'Life is full of surprises and miracles', 5, 'Pruthvi,Kushi', 'U/A', 'Suspense'], 36: ['12.jpeg', 'OMK', 'Live the present', 5, 'Ashok,Rithika', 'A', 'Comedy'], 37: ['13.jpeg', 'Master', 'MAster the Blaster', 5, 'Vijay,Shanthanu', 'U/A', 'Action']}
31-Mar-21 12:19:47 - root - INFO - nhome.py GUI created
31-Mar-21 13:37:35 - root - INFO - register.py initiated
31-Mar-21 13:37:35 - root - INFO - nhome.py initiated
31-Mar-21 13:37:35 - root - INFO - Signin.py initiated
31-Mar-21 13:37:36 - root - INFO - regd.py initiated
31-Mar-21 13:37:36 - root - INFO - register.py initiated
31-Mar-21 13:37:37 - root - INFO - register.py GUI created
31-Mar-21 13:38:28 - root - INFO - Entered invalid mobile Number
31-Mar-21 13:38:40 - root - INFO - regd.py GUI created
31-Mar-21 13:38:46 - root - INFO - Mataji3@gmail.com is verified by OTP
31-Mar-21 13:38:51 - root - INFO - Signin.py GUI created
